This file contains any messages produced by compilers while
running configure, to aid debugging if configure makes a mistake.

It was created by tcp_examples configure 1.1, which was
generated by GNU Autoconf 2.69.  Invocation command line was

  $ ./configure 

## --------- ##
## Platform. ##
## --------- ##

hostname = freebsd16
uname -m = amd64
uname -r = 9.2-RELEASE
uname -s = FreeBSD
uname -v = FreeBSD 9.2-RELEASE #1: Thu Oct 10 10:57:11 CEST 2013     root@bsd9.fh-muenster.de:/usr/obj/usr/src/sys/DISKLESS 

/usr/bin/uname -p = amd64
/bin/uname -X     = unknown

/bin/arch              = unknown
/usr/bin/arch -k       = unknown
/usr/convex/getsysinfo = unknown
/usr/bin/hostinfo      = unknown
/bin/machine           = unknown
/usr/bin/oslevel       = unknown
/bin/universe          = unknown

PATH: /sbin
PATH: /bin
PATH: /usr/sbin
PATH: /usr/bin
PATH: /usr/games
PATH: /usr/local/sbin
PATH: /usr/local/bin
PATH: /home/bsduser007/bin


## ----------- ##
## Core tests. ##
## ----------- ##

configure:2305: checking for a BSD-compatible install
configure:2373: result: /usr/bin/install -c
configure:2384: checking whether build environment is sane
configure:2439: result: yes
configure:2590: checking for a thread-safe mkdir -p
configure:2629: result: ./install-sh -c -d
configure:2636: checking for gawk
configure:2666: result: no
configure:2636: checking for mawk
configure:2666: result: no
configure:2636: checking for nawk
configure:2652: found /usr/bin/nawk
configure:2663: result: nawk
configure:2674: checking whether gmake sets $(MAKE)
configure:2696: result: yes
configure:2725: checking whether gmake supports nested variables
configure:2742: result: yes
configure:2916: checking for gcc
configure:2932: found /usr/bin/gcc
configure:2943: result: gcc
configure:3172: checking for C compiler version
configure:3181: gcc --version >&5
gcc (GCC) 4.2.1 20070831 patched [FreeBSD]
Copyright (C) 2007 Free Software Foundation, Inc.
This is free software; see the source for copying conditions.  There is NO
warranty; not even for MERCHANTABILITY or FITNESS FOR A PARTICULAR PURPOSE.

configure:3192: $? = 0
configure:3181: gcc -v >&5
Using built-in specs.
Target: amd64-undermydesk-freebsd
Configured with: FreeBSD/amd64 system compiler
Thread model: posix
gcc version 4.2.1 20070831 patched [FreeBSD]
configure:3192: $? = 0
configure:3181: gcc -V >&5
gcc: '-V' option must have argument
configure:3192: $? = 1
configure:3181: gcc -qversion >&5
gcc: unrecognized option '-qversion'
gcc: No input files specified
configure:3192: $? = 1
configure:3212: checking whether the C compiler works
configure:3234: gcc    conftest.c  >&5
configure:3238: $? = 0
configure:3286: result: yes
configure:3289: checking for C compiler default output file name
configure:3291: result: a.out
configure:3297: checking for suffix of executables
configure:3304: gcc -o conftest    conftest.c  >&5
configure:3308: $? = 0
configure:3330: result: 
configure:3352: checking whether we are cross compiling
configure:3360: gcc -o conftest    conftest.c  >&5
configure:3364: $? = 0
configure:3371: ./conftest
configure:3375: $? = 0
configure:3390: result: no
configure:3395: checking for suffix of object files
configure:3417: gcc -c   conftest.c >&5
configure:3421: $? = 0
configure:3442: result: o
configure:3446: checking whether we are using the GNU C compiler
configure:3465: gcc -c   conftest.c >&5
configure:3465: $? = 0
configure:3474: result: yes
configure:3483: checking whether gcc accepts -g
configure:3503: gcc -c -g  conftest.c >&5
configure:3503: $? = 0
configure:3544: result: yes
configure:3561: checking for gcc option to accept ISO C89
configure:3624: gcc  -c -g -O2  conftest.c >&5
configure:3624: $? = 0
configure:3637: result: none needed
configure:3662: checking whether gcc understands -c and -o together
configure:3684: gcc -c conftest.c -o conftest2.o
configure:3687: $? = 0
configure:3684: gcc -c conftest.c -o conftest2.o
configure:3687: $? = 0
configure:3699: result: yes
configure:3727: checking for style of include used by gmake
configure:3755: result: GNU
configure:3781: checking dependency style of gcc
configure:3892: result: gcc3
configure:3912: checking build system type
configure:3926: result: amd64-unknown-freebsd9.2
configure:3946: checking host system type
configure:3959: result: amd64-unknown-freebsd9.2
configure:3994: checking how to run the C preprocessor
configure:4025: gcc -E  conftest.c
configure:4025: $? = 0
configure:4039: gcc -E  conftest.c
conftest.c:11:28: error: ac_nonexistent.h: No such file or directory
configure:4039: $? = 1
configure: failed program was:
| /* confdefs.h */
| #define PACKAGE_NAME "tcp_examples"
| #define PACKAGE_TARNAME "tcp_examples"
| #define PACKAGE_VERSION "1.1"
| #define PACKAGE_STRING "tcp_examples 1.1"
| #define PACKAGE_BUGREPORT ""
| #define PACKAGE_URL ""
| #define PACKAGE "tcp_examples"
| #define VERSION "1.1"
| /* end confdefs.h.  */
| #include <ac_nonexistent.h>
configure:4064: result: gcc -E
configure:4084: gcc -E  conftest.c
configure:4084: $? = 0
configure:4098: gcc -E  conftest.c
conftest.c:11:28: error: ac_nonexistent.h: No such file or directory
configure:4098: $? = 1
configure: failed program was:
| /* confdefs.h */
| #define PACKAGE_NAME "tcp_examples"
| #define PACKAGE_TARNAME "tcp_examples"
| #define PACKAGE_VERSION "1.1"
| #define PACKAGE_STRING "tcp_examples 1.1"
| #define PACKAGE_BUGREPORT ""
| #define PACKAGE_URL ""
| #define PACKAGE "tcp_examples"
| #define VERSION "1.1"
| /* end confdefs.h.  */
| #include <ac_nonexistent.h>
configure:4127: checking for grep that handles long lines and -e
configure:4185: result: /usr/bin/grep
configure:4190: checking for egrep
configure:4252: result: /usr/bin/grep -E
configure:4257: checking for ANSI C header files
configure:4277: gcc -c -g -O2 -Wall -std=c99 -pedantic -lpthread  conftest.c >&5
gcc: -lpthread: linker input file unused because linking not done
configure:4277: $? = 0
configure:4350: gcc -o conftest -g -O2 -Wall -std=c99 -pedantic -lpthread   conftest.c  >&5
configure:4350: $? = 0
configure:4350: ./conftest
configure:4350: $? = 0
configure:4361: result: yes
configure:4374: checking for sys/types.h
configure:4374: gcc -c -g -O2 -Wall -std=c99 -pedantic -lpthread  conftest.c >&5
gcc: -lpthread: linker input file unused because linking not done
configure:4374: $? = 0
configure:4374: result: yes
configure:4374: checking for sys/stat.h
configure:4374: gcc -c -g -O2 -Wall -std=c99 -pedantic -lpthread  conftest.c >&5
gcc: -lpthread: linker input file unused because linking not done
configure:4374: $? = 0
configure:4374: result: yes
configure:4374: checking for stdlib.h
configure:4374: gcc -c -g -O2 -Wall -std=c99 -pedantic -lpthread  conftest.c >&5
gcc: -lpthread: linker input file unused because linking not done
configure:4374: $? = 0
configure:4374: result: yes
configure:4374: checking for string.h
configure:4374: gcc -c -g -O2 -Wall -std=c99 -pedantic -lpthread  conftest.c >&5
gcc: -lpthread: linker input file unused because linking not done
configure:4374: $? = 0
configure:4374: result: yes
configure:4374: checking for memory.h
configure:4374: gcc -c -g -O2 -Wall -std=c99 -pedantic -lpthread  conftest.c >&5
gcc: -lpthread: linker input file unused because linking not done
configure:4374: $? = 0
configure:4374: result: yes
configure:4374: checking for strings.h
configure:4374: gcc -c -g -O2 -Wall -std=c99 -pedantic -lpthread  conftest.c >&5
gcc: -lpthread: linker input file unused because linking not done
configure:4374: $? = 0
configure:4374: result: yes
configure:4374: checking for inttypes.h
configure:4374: gcc -c -g -O2 -Wall -std=c99 -pedantic -lpthread  conftest.c >&5
gcc: -lpthread: linker input file unused because linking not done
configure:4374: $? = 0
configure:4374: result: yes
configure:4374: checking for stdint.h
configure:4374: gcc -c -g -O2 -Wall -std=c99 -pedantic -lpthread  conftest.c >&5
gcc: -lpthread: linker input file unused because linking not done
configure:4374: $? = 0
configure:4374: result: yes
configure:4374: checking for unistd.h
configure:4374: gcc -c -g -O2 -Wall -std=c99 -pedantic -lpthread  conftest.c >&5
gcc: -lpthread: linker input file unused because linking not done
configure:4374: $? = 0
configure:4374: result: yes
configure:4386: checking for size_t
configure:4386: gcc -c -g -O2 -Wall -std=c99 -pedantic -lpthread  conftest.c >&5
gcc: -lpthread: linker input file unused because linking not done
configure:4386: $? = 0
configure:4386: gcc -c -g -O2 -Wall -std=c99 -pedantic -lpthread  conftest.c >&5
conftest.c: In function 'main':
conftest.c:57: error: expected expression before ')' token
configure:4386: $? = 1
configure: failed program was:
| /* confdefs.h */
| #define PACKAGE_NAME "tcp_examples"
| #define PACKAGE_TARNAME "tcp_examples"
| #define PACKAGE_VERSION "1.1"
| #define PACKAGE_STRING "tcp_examples 1.1"
| #define PACKAGE_BUGREPORT ""
| #define PACKAGE_URL ""
| #define PACKAGE "tcp_examples"
| #define VERSION "1.1"
| #define STDC_HEADERS 1
| #define HAVE_SYS_TYPES_H 1
| #define HAVE_SYS_STAT_H 1
| #define HAVE_STDLIB_H 1
| #define HAVE_STRING_H 1
| #define HAVE_MEMORY_H 1
| #define HAVE_STRINGS_H 1
| #define HAVE_INTTYPES_H 1
| #define HAVE_STDINT_H 1
| #define HAVE_UNISTD_H 1
| /* end confdefs.h.  */
| #include <stdio.h>
| #ifdef HAVE_SYS_TYPES_H
| # include <sys/types.h>
| #endif
| #ifdef HAVE_SYS_STAT_H
| # include <sys/stat.h>
| #endif
| #ifdef STDC_HEADERS
| # include <stdlib.h>
| # include <stddef.h>
| #else
| # ifdef HAVE_STDLIB_H
| #  include <stdlib.h>
| # endif
| #endif
| #ifdef HAVE_STRING_H
| # if !defined STDC_HEADERS && defined HAVE_MEMORY_H
| #  include <memory.h>
| # endif
| # include <string.h>
| #endif
| #ifdef HAVE_STRINGS_H
| # include <strings.h>
| #endif
| #ifdef HAVE_INTTYPES_H
| # include <inttypes.h>
| #endif
| #ifdef HAVE_STDINT_H
| # include <stdint.h>
| #endif
| #ifdef HAVE_UNISTD_H
| # include <unistd.h>
| #endif
| int
| main ()
| {
| if (sizeof ((size_t)))
| 	    return 0;
|   ;
|   return 0;
| }
configure:4386: result: yes
configure:4391: checking for ssize_t
configure:4391: gcc -c -g -O2 -Wall -std=c99 -pedantic -lpthread  conftest.c >&5
gcc: -lpthread: linker input file unused because linking not done
configure:4391: $? = 0
configure:4391: gcc -c -g -O2 -Wall -std=c99 -pedantic -lpthread  conftest.c >&5
conftest.c: In function 'main':
conftest.c:57: error: expected expression before ')' token
configure:4391: $? = 1
configure: failed program was:
| /* confdefs.h */
| #define PACKAGE_NAME "tcp_examples"
| #define PACKAGE_TARNAME "tcp_examples"
| #define PACKAGE_VERSION "1.1"
| #define PACKAGE_STRING "tcp_examples 1.1"
| #define PACKAGE_BUGREPORT ""
| #define PACKAGE_URL ""
| #define PACKAGE "tcp_examples"
| #define VERSION "1.1"
| #define STDC_HEADERS 1
| #define HAVE_SYS_TYPES_H 1
| #define HAVE_SYS_STAT_H 1
| #define HAVE_STDLIB_H 1
| #define HAVE_STRING_H 1
| #define HAVE_MEMORY_H 1
| #define HAVE_STRINGS_H 1
| #define HAVE_INTTYPES_H 1
| #define HAVE_STDINT_H 1
| #define HAVE_UNISTD_H 1
| /* end confdefs.h.  */
| #include <stdio.h>
| #ifdef HAVE_SYS_TYPES_H
| # include <sys/types.h>
| #endif
| #ifdef HAVE_SYS_STAT_H
| # include <sys/stat.h>
| #endif
| #ifdef STDC_HEADERS
| # include <stdlib.h>
| # include <stddef.h>
| #else
| # ifdef HAVE_STDLIB_H
| #  include <stdlib.h>
| # endif
| #endif
| #ifdef HAVE_STRING_H
| # if !defined STDC_HEADERS && defined HAVE_MEMORY_H
| #  include <memory.h>
| # endif
| # include <string.h>
| #endif
| #ifdef HAVE_STRINGS_H
| # include <strings.h>
| #endif
| #ifdef HAVE_INTTYPES_H
| # include <inttypes.h>
| #endif
| #ifdef HAVE_STDINT_H
| # include <stdint.h>
| #endif
| #ifdef HAVE_UNISTD_H
| # include <unistd.h>
| #endif
| int
| main ()
| {
| if (sizeof ((ssize_t)))
| 	    return 0;
|   ;
|   return 0;
| }
configure:4391: result: yes
configure:4399: checking for socket
configure:4399: gcc -o conftest -g -O2 -Wall -std=c99 -pedantic -lpthread   conftest.c  >&5
configure:4399: $? = 0
configure:4399: result: yes
configure:4456: checking for inet_addr
configure:4456: gcc -o conftest -g -O2 -Wall -std=c99 -pedantic -lpthread   conftest.c  >&5
configure:4456: $? = 0
configure:4456: result: yes
configure:4514: checking for sys/types.h
configure:4514: result: yes
configure:4524: checking for struct sockaddr_in.sin_len
configure:4524: gcc -c -g -O2 -Wall -std=c99 -pedantic -lpthread  conftest.c >&5
gcc: -lpthread: linker input file unused because linking not done
configure:4524: $? = 0
configure:4524: result: yes
configure:4536: checking for socklen_t
configure:4552: gcc -c -g -O2 -Wall -std=c99 -pedantic -lpthread  conftest.c >&5
gcc: -lpthread: linker input file unused because linking not done
configure:4552: $? = 0
configure:4553: result: yes
configure:4711: checking that generated files are newer than configure
configure:4717: result: done
configure:4740: creating ./config.status

## ---------------------- ##
## Running config.status. ##
## ---------------------- ##

This file was extended by tcp_examples config.status 1.1, which was
generated by GNU Autoconf 2.69.  Invocation command line was

  CONFIG_FILES    = 
  CONFIG_HEADERS  = 
  CONFIG_LINKS    = 
  CONFIG_COMMANDS = 
  $ ./config.status 

on freebsd16

config.status:785: creating Makefile
config.status:957: executing depfiles commands

## ---------------- ##
## Cache variables. ##
## ---------------- ##

ac_cv_build=amd64-unknown-freebsd9.2
ac_cv_c_compiler_gnu=yes
ac_cv_env_CC_set=''
ac_cv_env_CC_value=''
ac_cv_env_CFLAGS_set=''
ac_cv_env_CFLAGS_value=''
ac_cv_env_CPPFLAGS_set=''
ac_cv_env_CPPFLAGS_value=''
ac_cv_env_CPP_set=''
ac_cv_env_CPP_value=''
ac_cv_env_LDFLAGS_set=''
ac_cv_env_LDFLAGS_value=''
ac_cv_env_LIBS_set=''
ac_cv_env_LIBS_value=''
ac_cv_env_build_alias_set=''
ac_cv_env_build_alias_value=''
ac_cv_env_host_alias_set=''
ac_cv_env_host_alias_value=''
ac_cv_env_target_alias_set=''
ac_cv_env_target_alias_value=''
ac_cv_func_inet_addr=yes
ac_cv_func_socket=yes
ac_cv_header_inttypes_h=yes
ac_cv_header_memory_h=yes
ac_cv_header_stdc=yes
ac_cv_header_stdint_h=yes
ac_cv_header_stdlib_h=yes
ac_cv_header_string_h=yes
ac_cv_header_strings_h=yes
ac_cv_header_sys_stat_h=yes
ac_cv_header_sys_types_h=yes
ac_cv_header_unistd_h=yes
ac_cv_host=amd64-unknown-freebsd9.2
ac_cv_member_struct_sockaddr_in_sin_len=yes
ac_cv_objext=o
ac_cv_path_EGREP='/usr/bin/grep -E'
ac_cv_path_GREP=/usr/bin/grep
ac_cv_path_install='/usr/bin/install -c'
ac_cv_prog_AWK=nawk
ac_cv_prog_CPP='gcc -E'
ac_cv_prog_ac_ct_CC=gcc
ac_cv_prog_cc_c89=''
ac_cv_prog_cc_g=yes
ac_cv_prog_make_gmake_set=yes
ac_cv_type_size_t=yes
ac_cv_type_ssize_t=yes
am_cv_CC_dependencies_compiler_type=gcc3
am_cv_make_support_nested_variables=yes
am_cv_prog_cc_c_o=yes

## ----------------- ##
## Output variables. ##
## ----------------- ##

ACLOCAL='${SHELL} /home/bsduser007/Desktop/tcp_examples/missing aclocal-1.14'
AMDEPBACKSLASH='\'
AMDEP_FALSE='#'
AMDEP_TRUE=''
AMTAR='$${TAR-tar}'
AM_BACKSLASH='\'
AM_DEFAULT_V='$(AM_DEFAULT_VERBOSITY)'
AM_DEFAULT_VERBOSITY='1'
AM_V='$(V)'
AUTOCONF='${SHELL} /home/bsduser007/Desktop/tcp_examples/missing autoconf'
AUTOHEADER='${SHELL} /home/bsduser007/Desktop/tcp_examples/missing autoheader'
AUTOMAKE='${SHELL} /home/bsduser007/Desktop/tcp_examples/missing automake-1.14'
AWK='nawk'
CC='gcc'
CCDEPMODE='depmode=gcc3'
CFLAGS='-g -O2 -Wall -std=c99 -pedantic -lpthread'
CPP='gcc -E'
CPPFLAGS=''
CYGPATH_W='echo'
DEFS='-DPACKAGE_NAME=\"tcp_examples\" -DPACKAGE_TARNAME=\"tcp_examples\" -DPACKAGE_VERSION=\"1.1\" -DPACKAGE_STRING=\"tcp_examples\ 1.1\" -DPACKAGE_BUGREPORT=\"\" -DPACKAGE_URL=\"\" -DPACKAGE=\"tcp_examples\" -DVERSION=\"1.1\" -DSTDC_HEADERS=1 -DHAVE_SYS_TYPES_H=1 -DHAVE_SYS_STAT_H=1 -DHAVE_STDLIB_H=1 -DHAVE_STRING_H=1 -DHAVE_MEMORY_H=1 -DHAVE_STRINGS_H=1 -DHAVE_INTTYPES_H=1 -DHAVE_STDINT_H=1 -DHAVE_UNISTD_H=1 -DHAVE_SOCKET=1 -DHAVE_INET_ADDR=1 -DHAVE_SYS_TYPES_H=1 -DHAVE_SIN_LEN=1'
DEPDIR='.deps'
ECHO_C=''
ECHO_N='-n'
ECHO_T=''
EGREP='/usr/bin/grep -E'
EXEEXT=''
GREP='/usr/bin/grep'
INSTALL_DATA='${INSTALL} -m 644'
INSTALL_PROGRAM='${INSTALL}'
INSTALL_SCRIPT='${INSTALL}'
INSTALL_STRIP_PROGRAM='$(install_sh) -c -s'
LDFLAGS=''
LIBOBJS=''
LIBS=''
LTLIBOBJS=''
MAKEINFO='${SHELL} /home/bsduser007/Desktop/tcp_examples/missing makeinfo'
MKDIR_P='./install-sh -c -d'
OBJEXT='o'
PACKAGE='tcp_examples'
PACKAGE_BUGREPORT=''
PACKAGE_NAME='tcp_examples'
PACKAGE_STRING='tcp_examples 1.1'
PACKAGE_TARNAME='tcp_examples'
PACKAGE_URL=''
PACKAGE_VERSION='1.1'
PATH_SEPARATOR=':'
SET_MAKE=''
SHELL='/bin/sh'
STRIP=''
VERSION='1.1'
ac_ct_CC='gcc'
am__EXEEXT_FALSE=''
am__EXEEXT_TRUE='#'
am__fastdepCC_FALSE='#'
am__fastdepCC_TRUE=''
am__include='include'
am__isrc=''
am__leading_dot='.'
am__nodep='_no'
am__quote=''
am__tar='$${TAR-tar} chof - "$$tardir"'
am__untar='$${TAR-tar} xf -'
bindir='${exec_prefix}/bin'
build='amd64-unknown-freebsd9.2'
build_alias=''
build_cpu='amd64'
build_os='freebsd9.2'
build_vendor='unknown'
datadir='${datarootdir}'
datarootdir='${prefix}/share'
docdir='${datarootdir}/doc/${PACKAGE_TARNAME}'
dvidir='${docdir}'
exec_prefix='${prefix}'
host='amd64-unknown-freebsd9.2'
host_alias=''
host_cpu='amd64'
host_os='freebsd9.2'
host_vendor='unknown'
htmldir='${docdir}'
includedir='${prefix}/include'
infodir='${datarootdir}/info'
install_sh='${SHELL} /home/bsduser007/Desktop/tcp_examples/install-sh'
libdir='${exec_prefix}/lib'
libexecdir='${exec_prefix}/libexec'
localedir='${datarootdir}/locale'
localstatedir='${prefix}/var'
mandir='${datarootdir}/man'
mkdir_p='$(MKDIR_P)'
oldincludedir='/usr/include'
pdfdir='${docdir}'
prefix='/usr/local'
program_transform_name='s,x,x,'
psdir='${docdir}'
sbindir='${exec_prefix}/sbin'
sharedstatedir='${prefix}/com'
sysconfdir='${prefix}/etc'
target_alias=''

## ----------- ##
## confdefs.h. ##
## ----------- ##

/* confdefs.h */
#define PACKAGE_NAME "tcp_examples"
#define PACKAGE_TARNAME "tcp_examples"
#define PACKAGE_VERSION "1.1"
#define PACKAGE_STRING "tcp_examples 1.1"
#define PACKAGE_BUGREPORT ""
#define PACKAGE_URL ""
#define PACKAGE "tcp_examples"
#define VERSION "1.1"
#define STDC_HEADERS 1
#define HAVE_SYS_TYPES_H 1
#define HAVE_SYS_STAT_H 1
#define HAVE_STDLIB_H 1
#define HAVE_STRING_H 1
#define HAVE_MEMORY_H 1
#define HAVE_STRINGS_H 1
#define HAVE_INTTYPES_H 1
#define HAVE_STDINT_H 1
#define HAVE_UNISTD_H 1
#define HAVE_SOCKET 1
#define HAVE_INET_ADDR 1
#define HAVE_SYS_TYPES_H 1
#define HAVE_SIN_LEN 1

configure: exit 0
